<?xml version="1.0" encoding="UTF-8"?>
<!-- Generated by org.testng.reporters.JUnitXMLReporter -->
<testsuite hostname="DESKTOP-G4UR0GP" ignored="0" name="Test2" tests="5" failures="0" timestamp="05 Feb 2021 04:03:12 GMT" time="0.062" errors="0">
  <testcase name="tc_1" time="0.014" classname="org.adact.Adactin"/>
  <testcase name="tc_2" time="0.002" classname="org.adact.Adactin"/>
  <testcase name="tc_3" time="0.0" classname="org.adact.Adactin"/>
  <testcase name="tc_4" time="0.002" classname="org.adact.Adactin"/>
  <testcase name="tc_5" time="0.002" classname="org.adact.Adactin"/>
</testsuite> <!-- Test2 -->
